<?xml version="1.0" encoding="UTF-8"?>
<!-- Generated by org.testng.reporters.JUnitReportReporter -->
<testsuite hostname="EC2AMAZ-OBO535E" failures="0" tests="1" name="HappyPathsRegMod1.DeniedUserRegistrationByRegistrar" time="44.371" errors="0" timestamp="2023-04-21T13:18:16 UTC" skipped="0">
  <testcase classname="HappyPathsRegMod1.DeniedUserRegistrationByRegistrar" name="denyUserRegistrationByRegistrar" time="44.371"/>
  <system-out/>
</testsuite> <!-- HappyPathsRegMod1.DeniedUserRegistrationByRegistrar -->
