<?xml version="1.0" encoding="UTF-8"?>
<!-- Generated by org.testng.reporters.JUnitReportReporter -->
<testsuite hostname="EC2AMAZ-OBO535E" failures="0" tests="1" name="HappyPathsRegMod1.OriginalRegistrarLoginAndUnshareUserProfile" time="488.118" errors="0" timestamp="2023-04-21T13:18:16 UTC" skipped="0">
  <testcase classname="HappyPathsRegMod1.OriginalRegistrarLoginAndUnshareUserProfile" name="original_Jurisdiction_Registrar_Login_And_UnShare_User_Profile_With_Welcoming_jurisdiction" time="488.118"/>
  <system-out/>
</testsuite> <!-- HappyPathsRegMod1.OriginalRegistrarLoginAndUnshareUserProfile -->
