<?xml version="1.0" encoding="UTF-8"?>
<!-- Generated by org.testng.reporters.JUnitReportReporter -->
<testsuite hostname="EC2AMAZ-OBO535E" failures="0" tests="9" name="Tests.UserManagementFunctionality" time="41.695" errors="0" timestamp="2023-04-25T05:49:23 UTC" skipped="8">
  <testcase classname="Tests.UserManagementFunctionality" name="Verification_of_downloaded_files_for_searched_result" time="41.695"/>
  <system-out/>
  <testcase classname="Tests.UserManagementFunctionality" name="statusAfterUserApprovedJurisdiction">
    <skipped/>
  </testcase> <!-- statusAfterUserApprovedJurisdiction -->
  <system-out/>
  <testcase classname="Tests.UserManagementFunctionality" name="statusAfterUserRequestsChnageJurisdiction">
    <skipped/>
  </testcase> <!-- statusAfterUserRequestsChnageJurisdiction -->
  <system-out/>
  <testcase classname="Tests.UserManagementFunctionality" name="verification_Of_Propose_Update_Email_By_Entering_Existing_Mail_Address">
    <skipped/>
  </testcase> <!-- verification_Of_Propose_Update_Email_By_Entering_Existing_Mail_Address -->
  <system-out/>
  <testcase classname="Tests.UserManagementFunctionality" name="statusAfterUserDeniedJurisdiction">
    <skipped/>
  </testcase> <!-- statusAfterUserDeniedJurisdiction -->
  <system-out/>
  <testcase classname="Tests.UserManagementFunctionality" name="verification_Of_Propose_Update_Email_Of_An_Applicant_User_By_JU">
    <skipped/>
  </testcase> <!-- verification_Of_Propose_Update_Email_Of_An_Applicant_User_By_JU -->
  <system-out/>
  <testcase classname="Tests.UserManagementFunctionality" name="UserReferenceCode_approvedUser_AppliesForChangeOfJurisdiction">
    <skipped/>
  </testcase> <!-- UserReferenceCode_approvedUser_AppliesForChangeOfJurisdiction -->
  <system-out/>
  <testcase classname="Tests.UserManagementFunctionality" name="verification_Of_Propose_Update_Email_Whose_mail_Change_Is_Already_Proposed">
    <skipped/>
  </testcase> <!-- verification_Of_Propose_Update_Email_Whose_mail_Change_Is_Already_Proposed -->
  <system-out/>
  <testcase classname="Tests.UserManagementFunctionality" name="verification_Of_Propose_Update_Email_Of_An_Inactive_User_By_JU">
    <skipped/>
  </testcase> <!-- verification_Of_Propose_Update_Email_Of_An_Inactive_User_By_JU -->
  <system-out/>
</testsuite> <!-- Tests.UserManagementFunctionality -->
