<?xml version="1.0" encoding="UTF-8"?>
<!-- Generated by org.testng.reporters.JUnitReportReporter -->
<testsuite hostname="EC2AMAZ-OBO535E" failures="0" tests="2" name="HappyPathsRegMod1.RegistrarDeniedProposedUserDetails" time="314.054" errors="0" timestamp="2023-04-21T13:18:16 UTC" skipped="1">
  <testcase classname="HappyPathsRegMod1.RegistrarDeniedProposedUserDetails" name="registrar_Login_And_Denied_Proposed_User_Details" time="267.487"/>
  <system-out/>
  <testcase classname="HappyPathsRegMod1.RegistrarDeniedProposedUserDetails" name="registrar_Login_And_Denied_Proposed_User_Details" time="46.567">
    <skipped/>
  </testcase> <!-- registrar_Login_And_Denied_Proposed_User_Details -->
  <system-out/>
</testsuite> <!-- HappyPathsRegMod1.RegistrarDeniedProposedUserDetails -->
