<?xml version="1.0" encoding="UTF-8"?>
<!-- Generated by org.testng.reporters.JUnitReportReporter -->
<testsuite hostname="EC2AMAZ-OBO535E" failures="0" tests="1" name="HappyPathsRegMod1.ClosedAccountOfUserByRegistrar" time="322.284" errors="0" timestamp="2023-04-21T13:18:16 UTC" skipped="0">
  <testcase classname="HappyPathsRegMod1.ClosedAccountOfUserByRegistrar" name="registrar_Closed_User_Account" time="322.284"/>
  <system-out/>
</testsuite> <!-- HappyPathsRegMod1.ClosedAccountOfUserByRegistrar -->
