<?xml version="1.0" encoding="UTF-8"?>
<!-- Generated by org.testng.reporters.JUnitReportReporter -->
<testsuite hostname="EC2AMAZ-OBO535E" failures="0" tests="7" name="Tests.ContentManagementFunctionality" time="339.872" errors="0" timestamp="2023-04-11T06:33:03 UTC" skipped="0">
  <testcase classname="Tests.ContentManagementFunctionality" name="unKnown_user_landing_page_is_displayed_in_English_by_default" time="1.849"/>
  <system-out/>
  <testcase classname="Tests.ContentManagementFunctionality" name="display_pages_in_selected_language" time="2.703"/>
  <system-out/>
  <testcase classname="Tests.ContentManagementFunctionality" name="userisAbleToSwitchBetweenLanguages" time="3.280"/>
  <system-out/>
  <testcase classname="Tests.ContentManagementFunctionality" name="Verification_of_preview_functionality_for_edited_page" time="108.163"/>
  <system-out/>
  <testcase classname="Tests.ContentManagementFunctionality" name="Verification_of_edit_functionality_after_preview_the_page" time="112.857"/>
  <system-out/>
  <testcase classname="Tests.ContentManagementFunctionality" name="Verification_of_functionalities_of_buttons_links_on_preview_page" time="108.016"/>
  <system-out/>
  <testcase classname="Tests.ContentManagementFunctionality" name="verification_of_the_display_content_in_a_selected_language_for_the_known_public_user" time="3.004"/>
  <system-out/>
</testsuite> <!-- Tests.ContentManagementFunctionality -->
