<?xml version="1.0" encoding="UTF-8"?>
<!-- Generated by org.testng.reporters.JUnitReportReporter -->
<testsuite hostname="EC2AMAZ-OBO535E" failures="0" tests="1" name="Tests.BrokenLinks" time="11.408" errors="0" timestamp="2023-04-25T05:46:39 UTC" skipped="0">
  <testcase classname="Tests.BrokenLinks" name="brokenLinkOnHomepage" time="11.408"/>
  <system-out/>
</testsuite> <!-- Tests.BrokenLinks -->
